Z:\STUDYING\2013-2014\C++\LABS\LABS\LAB9\LAB9PARTA\LAB9PARTA\DEBUG\COUNTER.OBJ
Z:\STUDYING\2013-2014\C++\LABS\LABS\LAB9\LAB9PARTA\LAB9PARTA\DEBUG\PROG.OBJ
Z:\STUDYING\2013-2014\C++\LABS\LABS\LAB9\LAB9PARTA\LAB9PARTA\DEBUG\VC110.PDB
Z:\STUDYING\2013-2014\C++\LABS\LABS\LAB9\LAB9PARTA\DEBUG\LAB9PARTA.ILK
Z:\STUDYING\2013-2014\C++\LABS\LABS\LAB9\LAB9PARTA\DEBUG\LAB9PARTA.EXE
Z:\STUDYING\2013-2014\C++\LABS\LABS\LAB9\LAB9PARTA\DEBUG\LAB9PARTA.PDB
Z:\Studying\2013-2014\C++\Labs\Labs\Lab9\Lab9PartA\Lab9PartA\Debug\counter.obj
Z:\Studying\2013-2014\C++\Labs\Labs\Lab9\Lab9PartA\Lab9PartA\Debug\Prog.obj
Z:\Studying\2013-2014\C++\Labs\Labs\Lab9\Lab9PartA\Lab9PartA\Debug\cl.command.1.tlog
Z:\Studying\2013-2014\C++\Labs\Labs\Lab9\Lab9PartA\Lab9PartA\Debug\CL.write.1.tlog
Z:\Studying\2013-2014\C++\Labs\Labs\Lab9\Lab9PartA\Lab9PartA\Debug\link-cvtres.read.1.tlog
Z:\Studying\2013-2014\C++\Labs\Labs\Lab9\Lab9PartA\Lab9PartA\Debug\link-cvtres.write.1.tlog
Z:\Studying\2013-2014\C++\Labs\Labs\Lab9\Lab9PartA\Lab9PartA\Debug\link-rc.read.1.tlog
Z:\Studying\2013-2014\C++\Labs\Labs\Lab9\Lab9PartA\Lab9PartA\Debug\link-rc.write.1.tlog
Z:\Studying\2013-2014\C++\Labs\Labs\Lab9\Lab9PartA\Lab9PartA\Debug\link.command.1.tlog
Z:\Studying\2013-2014\C++\Labs\Labs\Lab9\Lab9PartA\Lab9PartA\Debug\link.write.1.tlog
Z:\Studying\2013-2014\C++\Labs\Labs\Lab9\Lab9PartA\Lab9PartA\Debug\CL.read.1.tlog
Z:\Studying\2013-2014\C++\Labs\Labs\Lab9\Lab9PartA\Lab9PartA\Debug\link.read.1.tlog
Z:\Studying\2013-2014\C++\Labs\Labs\Lab9\Lab9PartA\Lab9PartA\Debug\vc110.idb
Z:\Studying\2013-2014\C++\Labs\Labs\Lab9\Lab9PartA\Lab9PartA\Debug\vc110.pdb
Z:\Studying\2013-2014\C++\Labs\Labs\Lab9\Lab9PartA\Debug\Lab9PartA.pdb
Z:\Studying\2013-2014\C++\Labs\Labs\Lab9\Lab9PartA\Debug\Lab9PartA.exe
Z:\Studying\2013-2014\C++\Labs\Labs\Lab9\Lab9PartA\Debug\Lab9PartA.ilk
