Z:\STUDYING\2013-2014\C++\LAB5EX2C\LAB5EX2C\DEBUG\SPEECH.OBJ
Z:\STUDYING\2013-2014\C++\LAB5EX2C\LAB5EX2C\DEBUG\VC110.PDB
Z:\STUDYING\2013-2014\C++\LAB5EX2C\DEBUG\LAB5EX2C.PDB
Z:\Studying\2013-2014\C++\Lab5Ex2C\Lab5Ex2C\Debug\speech.obj
Z:\Studying\2013-2014\C++\Lab5Ex2C\Lab5Ex2C\Debug\CL.read.1.tlog
Z:\Studying\2013-2014\C++\Lab5Ex2C\Lab5Ex2C\Debug\CL.write.1.tlog
Z:\Studying\2013-2014\C++\Lab5Ex2C\Lab5Ex2C\Debug\cl.command.1.tlog
Z:\Studying\2013-2014\C++\Lab5Ex2C\Lab5Ex2C\Debug\link-rc.read.1.tlog
Z:\Studying\2013-2014\C++\Lab5Ex2C\Lab5Ex2C\Debug\link-rc.write.1.tlog
Z:\Studying\2013-2014\C++\Lab5Ex2C\Lab5Ex2C\Debug\link-cvtres.read.1.tlog
Z:\Studying\2013-2014\C++\Lab5Ex2C\Lab5Ex2C\Debug\link-cvtres.write.1.tlog
Z:\Studying\2013-2014\C++\Lab5Ex2C\Lab5Ex2C\Debug\link.read.1.tlog
Z:\Studying\2013-2014\C++\Lab5Ex2C\Lab5Ex2C\Debug\link.write.1.tlog
Z:\Studying\2013-2014\C++\Lab5Ex2C\Lab5Ex2C\Debug\link.command.1.tlog
Z:\Studying\2013-2014\C++\Lab5Ex2C\Lab5Ex2C\Debug\link.5372-rc.read.1.tlog
Z:\Studying\2013-2014\C++\Lab5Ex2C\Lab5Ex2C\Debug\link.5372-rc.write.1.tlog
Z:\Studying\2013-2014\C++\Lab5Ex2C\Lab5Ex2C\Debug\link.5372-cvtres.read.1.tlog
Z:\Studying\2013-2014\C++\Lab5Ex2C\Lab5Ex2C\Debug\link.5372-cvtres.write.1.tlog
Z:\Studying\2013-2014\C++\Lab5Ex2C\Lab5Ex2C\Debug\link.5372.read.1.tlog
Z:\Studying\2013-2014\C++\Lab5Ex2C\Lab5Ex2C\Debug\link.5372.write.1.tlog
Z:\Studying\2013-2014\C++\Lab5Ex2C\Lab5Ex2C\Debug\link.4512-rc.read.1.tlog
Z:\Studying\2013-2014\C++\Lab5Ex2C\Lab5Ex2C\Debug\link.4512-rc.write.1.tlog
Z:\Studying\2013-2014\C++\Lab5Ex2C\Lab5Ex2C\Debug\link.4512-cvtres.read.1.tlog
Z:\Studying\2013-2014\C++\Lab5Ex2C\Lab5Ex2C\Debug\link.4512-cvtres.write.1.tlog
Z:\Studying\2013-2014\C++\Lab5Ex2C\Lab5Ex2C\Debug\link.4512.read.1.tlog
Z:\Studying\2013-2014\C++\Lab5Ex2C\Lab5Ex2C\Debug\link.4512.write.1.tlog
Z:\Studying\2013-2014\C++\Lab5Ex2C\Lab5Ex2C\Debug\vc110.idb
Z:\Studying\2013-2014\C++\Lab5Ex2C\Lab5Ex2C\Debug\vc110.pdb
Z:\Studying\2013-2014\C++\Lab5Ex2C\Debug\Lab5Ex2C.pdb
Z:\Studying\2013-2014\C++\Lab5Ex2C\Debug\Lab5Ex2C.exe
Z:\Studying\2013-2014\C++\Lab5Ex2C\Debug\Lab5Ex2C.ilk
