Z:\STUDYING\2013-2014\C++\LAB4\EX1\EX1\DEBUG\VC110.PDB
Z:\STUDYING\2013-2014\C++\LAB4\EX1\EX1\DEBUG\SOURCE.OBJ
Z:\STUDYING\2013-2014\C++\LAB4\EX1\DEBUG\EX1.ILK
Z:\STUDYING\2013-2014\C++\LAB4\EX1\DEBUG\EX1.EXE
Z:\STUDYING\2013-2014\C++\LAB4\EX1\DEBUG\EX1.PDB
Z:\Studying\2013-2014\C++\lab4\ex1\ex1\Debug\Source.obj
Z:\Studying\2013-2014\C++\lab4\ex1\ex1\Debug\CL.read.1.tlog
Z:\Studying\2013-2014\C++\lab4\ex1\ex1\Debug\CL.write.1.tlog
Z:\Studying\2013-2014\C++\lab4\ex1\ex1\Debug\cl.command.1.tlog
Z:\Studying\2013-2014\C++\lab4\ex1\ex1\Debug\link-rc.read.1.tlog
Z:\Studying\2013-2014\C++\lab4\ex1\ex1\Debug\link-rc.write.1.tlog
Z:\Studying\2013-2014\C++\lab4\ex1\ex1\Debug\link-cvtres.read.1.tlog
Z:\Studying\2013-2014\C++\lab4\ex1\ex1\Debug\link-cvtres.write.1.tlog
Z:\Studying\2013-2014\C++\lab4\ex1\ex1\Debug\link.read.1.tlog
Z:\Studying\2013-2014\C++\lab4\ex1\ex1\Debug\link.write.1.tlog
Z:\Studying\2013-2014\C++\lab4\ex1\ex1\Debug\link.command.1.tlog
Z:\Studying\2013-2014\C++\lab4\ex1\ex1\Debug\link.5620-rc.read.1.tlog
Z:\Studying\2013-2014\C++\lab4\ex1\ex1\Debug\link.5620-rc.write.1.tlog
Z:\Studying\2013-2014\C++\lab4\ex1\ex1\Debug\link.5620-cvtres.read.1.tlog
Z:\Studying\2013-2014\C++\lab4\ex1\ex1\Debug\link.5620-cvtres.write.1.tlog
Z:\Studying\2013-2014\C++\lab4\ex1\ex1\Debug\link.5620.read.1.tlog
Z:\Studying\2013-2014\C++\lab4\ex1\ex1\Debug\link.5620.write.1.tlog
Z:\Studying\2013-2014\C++\lab4\ex1\ex1\Debug\vc110.idb
Z:\Studying\2013-2014\C++\lab4\ex1\ex1\Debug\vc110.pdb
Z:\Studying\2013-2014\C++\lab4\ex1\Debug\ex1.pdb
Z:\Studying\2013-2014\C++\lab4\ex1\Debug\ex1.exe
Z:\Studying\2013-2014\C++\lab4\ex1\Debug\ex1.ilk
