D:\MAX\STUDYING\STUDYING\2013-2014\C++\LABS\LAB9\LAB9PARTB\LAB9PARTB\DEBUG\COUNTER.OBJ
D:\MAX\STUDYING\STUDYING\2013-2014\C++\LABS\LAB9\LAB9PARTB\LAB9PARTB\DEBUG\PROG.OBJ
D:\MAX\STUDYING\STUDYING\2013-2014\C++\LABS\LAB9\LAB9PARTB\LAB9PARTB\DEBUG\VC110.PDB
D:\MAX\STUDYING\STUDYING\2013-2014\C++\LABS\LAB9\LAB9PARTB\LAB9PARTB\DEBUG\SOURCE.OBJ
D:\MAX\STUDYING\STUDYING\2013-2014\C++\LABS\LAB9\LAB9PARTB\LAB9PARTB\DEBUG\LIMITEDCOUNTER.OBJ
D:\MAX\STUDYING\STUDYING\2013-2014\C++\LABS\LAB9\LAB9PARTB\LAB9PARTB\DEBUG\OBSERVER.OBJ
D:\MAX\STUDYING\STUDYING\2013-2014\C++\LABS\LAB9\LAB9PARTB\LAB9PARTB\DEBUG\ROUNDUPCOUNTER.OBJ
D:\MAX\STUDYING\STUDYING\2013-2014\C++\LABS\LAB9\LAB9PARTB\LAB9PARTB\DEBUG\ASDASD.OBJ
D:\MAX\STUDYING\STUDYING\2013-2014\C++\LABS\LAB9\LAB9PARTB\DEBUG\LAB9PARTB.ILK
D:\MAX\STUDYING\STUDYING\2013-2014\C++\LABS\LAB9\LAB9PARTB\DEBUG\LAB9PARTB.EXE
D:\MAX\STUDYING\STUDYING\2013-2014\C++\LABS\LAB9\LAB9PARTB\DEBUG\LAB9PARTB.PDB
Z:\Studying\2013-2014\C++\Labs\Labs\Lab9\Lab9PartB\Lab9PartB\Debug\asdasd.obj
Z:\Studying\2013-2014\C++\Labs\Labs\Lab9\Lab9PartB\Lab9PartB\Debug\counter.obj
Z:\Studying\2013-2014\C++\Labs\Labs\Lab9\Lab9PartB\Lab9PartB\Debug\LimitedCounter.obj
Z:\Studying\2013-2014\C++\Labs\Labs\Lab9\Lab9PartB\Lab9PartB\Debug\Prog.obj
Z:\Studying\2013-2014\C++\Labs\Labs\Lab9\Lab9PartB\Lab9PartB\Debug\Observer.obj
Z:\Studying\2013-2014\C++\Labs\Labs\Lab9\Lab9PartB\Lab9PartB\Debug\Source.obj
Z:\Studying\2013-2014\C++\Labs\Labs\Lab9\Lab9PartB\Lab9PartB\Debug\RoundupCounter.obj
Z:\Studying\2013-2014\C++\Labs\Labs\Lab9\Lab9PartB\Lab9PartB\Debug\cl.command.1.tlog
Z:\Studying\2013-2014\C++\Labs\Labs\Lab9\Lab9PartB\Lab9PartB\Debug\CL.read.1.tlog
Z:\Studying\2013-2014\C++\Labs\Labs\Lab9\Lab9PartB\Lab9PartB\Debug\CL.write.1.tlog
Z:\Studying\2013-2014\C++\Labs\Labs\Lab9\Lab9PartB\Lab9PartB\Debug\link-cvtres.read.1.tlog
Z:\Studying\2013-2014\C++\Labs\Labs\Lab9\Lab9PartB\Lab9PartB\Debug\link-cvtres.write.1.tlog
Z:\Studying\2013-2014\C++\Labs\Labs\Lab9\Lab9PartB\Lab9PartB\Debug\link-rc.read.1.tlog
Z:\Studying\2013-2014\C++\Labs\Labs\Lab9\Lab9PartB\Lab9PartB\Debug\link-rc.write.1.tlog
Z:\Studying\2013-2014\C++\Labs\Labs\Lab9\Lab9PartB\Lab9PartB\Debug\link.107596-cvtres.read.1.tlog
Z:\Studying\2013-2014\C++\Labs\Labs\Lab9\Lab9PartB\Lab9PartB\Debug\link.107596-cvtres.write.1.tlog
Z:\Studying\2013-2014\C++\Labs\Labs\Lab9\Lab9PartB\Lab9PartB\Debug\link.107596-rc.read.1.tlog
Z:\Studying\2013-2014\C++\Labs\Labs\Lab9\Lab9PartB\Lab9PartB\Debug\link.107596-rc.write.1.tlog
Z:\Studying\2013-2014\C++\Labs\Labs\Lab9\Lab9PartB\Lab9PartB\Debug\link.107596.read.1.tlog
Z:\Studying\2013-2014\C++\Labs\Labs\Lab9\Lab9PartB\Lab9PartB\Debug\link.107596.write.1.tlog
Z:\Studying\2013-2014\C++\Labs\Labs\Lab9\Lab9PartB\Lab9PartB\Debug\link.109872-cvtres.read.1.tlog
Z:\Studying\2013-2014\C++\Labs\Labs\Lab9\Lab9PartB\Lab9PartB\Debug\link.109872-cvtres.write.1.tlog
Z:\Studying\2013-2014\C++\Labs\Labs\Lab9\Lab9PartB\Lab9PartB\Debug\link.109872-rc.read.1.tlog
Z:\Studying\2013-2014\C++\Labs\Labs\Lab9\Lab9PartB\Lab9PartB\Debug\link.109872-rc.write.1.tlog
Z:\Studying\2013-2014\C++\Labs\Labs\Lab9\Lab9PartB\Lab9PartB\Debug\link.109872.read.1.tlog
Z:\Studying\2013-2014\C++\Labs\Labs\Lab9\Lab9PartB\Lab9PartB\Debug\link.109872.write.1.tlog
Z:\Studying\2013-2014\C++\Labs\Labs\Lab9\Lab9PartB\Lab9PartB\Debug\link.115116-cvtres.read.1.tlog
Z:\Studying\2013-2014\C++\Labs\Labs\Lab9\Lab9PartB\Lab9PartB\Debug\link.115116-cvtres.write.1.tlog
Z:\Studying\2013-2014\C++\Labs\Labs\Lab9\Lab9PartB\Lab9PartB\Debug\link.115116-rc.read.1.tlog
Z:\Studying\2013-2014\C++\Labs\Labs\Lab9\Lab9PartB\Lab9PartB\Debug\link.115116-rc.write.1.tlog
Z:\Studying\2013-2014\C++\Labs\Labs\Lab9\Lab9PartB\Lab9PartB\Debug\link.115116.read.1.tlog
Z:\Studying\2013-2014\C++\Labs\Labs\Lab9\Lab9PartB\Lab9PartB\Debug\link.115116.write.1.tlog
Z:\Studying\2013-2014\C++\Labs\Labs\Lab9\Lab9PartB\Lab9PartB\Debug\link.145804-cvtres.read.1.tlog
Z:\Studying\2013-2014\C++\Labs\Labs\Lab9\Lab9PartB\Lab9PartB\Debug\link.145804-cvtres.write.1.tlog
Z:\Studying\2013-2014\C++\Labs\Labs\Lab9\Lab9PartB\Lab9PartB\Debug\link.145804-rc.read.1.tlog
Z:\Studying\2013-2014\C++\Labs\Labs\Lab9\Lab9PartB\Lab9PartB\Debug\link.145804-rc.write.1.tlog
Z:\Studying\2013-2014\C++\Labs\Labs\Lab9\Lab9PartB\Lab9PartB\Debug\link.145804.read.1.tlog
Z:\Studying\2013-2014\C++\Labs\Labs\Lab9\Lab9PartB\Lab9PartB\Debug\link.145804.write.1.tlog
Z:\Studying\2013-2014\C++\Labs\Labs\Lab9\Lab9PartB\Lab9PartB\Debug\link.147748-cvtres.read.1.tlog
Z:\Studying\2013-2014\C++\Labs\Labs\Lab9\Lab9PartB\Lab9PartB\Debug\link.147748-cvtres.write.1.tlog
Z:\Studying\2013-2014\C++\Labs\Labs\Lab9\Lab9PartB\Lab9PartB\Debug\link.147748-rc.read.1.tlog
Z:\Studying\2013-2014\C++\Labs\Labs\Lab9\Lab9PartB\Lab9PartB\Debug\link.147748-rc.write.1.tlog
Z:\Studying\2013-2014\C++\Labs\Labs\Lab9\Lab9PartB\Lab9PartB\Debug\link.147748.read.1.tlog
Z:\Studying\2013-2014\C++\Labs\Labs\Lab9\Lab9PartB\Lab9PartB\Debug\link.147748.write.1.tlog
Z:\Studying\2013-2014\C++\Labs\Labs\Lab9\Lab9PartB\Lab9PartB\Debug\link.16448-cvtres.read.1.tlog
Z:\Studying\2013-2014\C++\Labs\Labs\Lab9\Lab9PartB\Lab9PartB\Debug\link.16448-cvtres.write.1.tlog
Z:\Studying\2013-2014\C++\Labs\Labs\Lab9\Lab9PartB\Lab9PartB\Debug\link.16448-rc.read.1.tlog
Z:\Studying\2013-2014\C++\Labs\Labs\Lab9\Lab9PartB\Lab9PartB\Debug\link.16448-rc.write.1.tlog
Z:\Studying\2013-2014\C++\Labs\Labs\Lab9\Lab9PartB\Lab9PartB\Debug\link.16448.read.1.tlog
Z:\Studying\2013-2014\C++\Labs\Labs\Lab9\Lab9PartB\Lab9PartB\Debug\link.16448.write.1.tlog
Z:\Studying\2013-2014\C++\Labs\Labs\Lab9\Lab9PartB\Lab9PartB\Debug\link.169412-cvtres.read.1.tlog
Z:\Studying\2013-2014\C++\Labs\Labs\Lab9\Lab9PartB\Lab9PartB\Debug\link.169412-cvtres.write.1.tlog
Z:\Studying\2013-2014\C++\Labs\Labs\Lab9\Lab9PartB\Lab9PartB\Debug\link.169412-rc.read.1.tlog
Z:\Studying\2013-2014\C++\Labs\Labs\Lab9\Lab9PartB\Lab9PartB\Debug\link.169412-rc.write.1.tlog
Z:\Studying\2013-2014\C++\Labs\Labs\Lab9\Lab9PartB\Lab9PartB\Debug\link.169412.read.1.tlog
Z:\Studying\2013-2014\C++\Labs\Labs\Lab9\Lab9PartB\Lab9PartB\Debug\link.169412.write.1.tlog
Z:\Studying\2013-2014\C++\Labs\Labs\Lab9\Lab9PartB\Lab9PartB\Debug\link.186240-cvtres.read.1.tlog
Z:\Studying\2013-2014\C++\Labs\Labs\Lab9\Lab9PartB\Lab9PartB\Debug\link.186240-cvtres.write.1.tlog
Z:\Studying\2013-2014\C++\Labs\Labs\Lab9\Lab9PartB\Lab9PartB\Debug\link.186240-rc.read.1.tlog
Z:\Studying\2013-2014\C++\Labs\Labs\Lab9\Lab9PartB\Lab9PartB\Debug\link.186240-rc.write.1.tlog
Z:\Studying\2013-2014\C++\Labs\Labs\Lab9\Lab9PartB\Lab9PartB\Debug\link.186240.read.1.tlog
Z:\Studying\2013-2014\C++\Labs\Labs\Lab9\Lab9PartB\Lab9PartB\Debug\link.186240.write.1.tlog
Z:\Studying\2013-2014\C++\Labs\Labs\Lab9\Lab9PartB\Lab9PartB\Debug\link.188040-cvtres.read.1.tlog
Z:\Studying\2013-2014\C++\Labs\Labs\Lab9\Lab9PartB\Lab9PartB\Debug\link.188040-cvtres.write.1.tlog
Z:\Studying\2013-2014\C++\Labs\Labs\Lab9\Lab9PartB\Lab9PartB\Debug\link.188040-rc.read.1.tlog
Z:\Studying\2013-2014\C++\Labs\Labs\Lab9\Lab9PartB\Lab9PartB\Debug\link.188040-rc.write.1.tlog
Z:\Studying\2013-2014\C++\Labs\Labs\Lab9\Lab9PartB\Lab9PartB\Debug\link.188040.read.1.tlog
Z:\Studying\2013-2014\C++\Labs\Labs\Lab9\Lab9PartB\Lab9PartB\Debug\link.188040.write.1.tlog
Z:\Studying\2013-2014\C++\Labs\Labs\Lab9\Lab9PartB\Lab9PartB\Debug\link.196864-cvtres.read.1.tlog
Z:\Studying\2013-2014\C++\Labs\Labs\Lab9\Lab9PartB\Lab9PartB\Debug\link.196864-cvtres.write.1.tlog
Z:\Studying\2013-2014\C++\Labs\Labs\Lab9\Lab9PartB\Lab9PartB\Debug\link.196864-rc.read.1.tlog
Z:\Studying\2013-2014\C++\Labs\Labs\Lab9\Lab9PartB\Lab9PartB\Debug\link.196864-rc.write.1.tlog
Z:\Studying\2013-2014\C++\Labs\Labs\Lab9\Lab9PartB\Lab9PartB\Debug\link.196864.read.1.tlog
Z:\Studying\2013-2014\C++\Labs\Labs\Lab9\Lab9PartB\Lab9PartB\Debug\link.196864.write.1.tlog
Z:\Studying\2013-2014\C++\Labs\Labs\Lab9\Lab9PartB\Lab9PartB\Debug\link.198604-cvtres.read.1.tlog
Z:\Studying\2013-2014\C++\Labs\Labs\Lab9\Lab9PartB\Lab9PartB\Debug\link.198604-cvtres.write.1.tlog
Z:\Studying\2013-2014\C++\Labs\Labs\Lab9\Lab9PartB\Lab9PartB\Debug\link.198604-rc.read.1.tlog
Z:\Studying\2013-2014\C++\Labs\Labs\Lab9\Lab9PartB\Lab9PartB\Debug\link.198604-rc.write.1.tlog
Z:\Studying\2013-2014\C++\Labs\Labs\Lab9\Lab9PartB\Lab9PartB\Debug\link.198604.read.1.tlog
Z:\Studying\2013-2014\C++\Labs\Labs\Lab9\Lab9PartB\Lab9PartB\Debug\link.198604.write.1.tlog
Z:\Studying\2013-2014\C++\Labs\Labs\Lab9\Lab9PartB\Lab9PartB\Debug\link.198984-cvtres.read.1.tlog
Z:\Studying\2013-2014\C++\Labs\Labs\Lab9\Lab9PartB\Lab9PartB\Debug\link.198984-cvtres.write.1.tlog
Z:\Studying\2013-2014\C++\Labs\Labs\Lab9\Lab9PartB\Lab9PartB\Debug\link.198984-rc.read.1.tlog
Z:\Studying\2013-2014\C++\Labs\Labs\Lab9\Lab9PartB\Lab9PartB\Debug\link.198984-rc.write.1.tlog
Z:\Studying\2013-2014\C++\Labs\Labs\Lab9\Lab9PartB\Lab9PartB\Debug\link.198984.read.1.tlog
Z:\Studying\2013-2014\C++\Labs\Labs\Lab9\Lab9PartB\Lab9PartB\Debug\link.198984.write.1.tlog
Z:\Studying\2013-2014\C++\Labs\Labs\Lab9\Lab9PartB\Lab9PartB\Debug\link.24356-cvtres.read.1.tlog
Z:\Studying\2013-2014\C++\Labs\Labs\Lab9\Lab9PartB\Lab9PartB\Debug\link.24356-cvtres.write.1.tlog
Z:\Studying\2013-2014\C++\Labs\Labs\Lab9\Lab9PartB\Lab9PartB\Debug\link.24356-rc.read.1.tlog
Z:\Studying\2013-2014\C++\Labs\Labs\Lab9\Lab9PartB\Lab9PartB\Debug\link.24356-rc.write.1.tlog
Z:\Studying\2013-2014\C++\Labs\Labs\Lab9\Lab9PartB\Lab9PartB\Debug\link.24356.read.1.tlog
Z:\Studying\2013-2014\C++\Labs\Labs\Lab9\Lab9PartB\Lab9PartB\Debug\link.24356.write.1.tlog
Z:\Studying\2013-2014\C++\Labs\Labs\Lab9\Lab9PartB\Lab9PartB\Debug\link.31812-cvtres.read.1.tlog
Z:\Studying\2013-2014\C++\Labs\Labs\Lab9\Lab9PartB\Lab9PartB\Debug\link.31812-cvtres.write.1.tlog
Z:\Studying\2013-2014\C++\Labs\Labs\Lab9\Lab9PartB\Lab9PartB\Debug\link.31812-rc.read.1.tlog
Z:\Studying\2013-2014\C++\Labs\Labs\Lab9\Lab9PartB\Lab9PartB\Debug\link.31812-rc.write.1.tlog
Z:\Studying\2013-2014\C++\Labs\Labs\Lab9\Lab9PartB\Lab9PartB\Debug\link.31812.read.1.tlog
Z:\Studying\2013-2014\C++\Labs\Labs\Lab9\Lab9PartB\Lab9PartB\Debug\link.31812.write.1.tlog
Z:\Studying\2013-2014\C++\Labs\Labs\Lab9\Lab9PartB\Lab9PartB\Debug\link.35748-cvtres.read.1.tlog
Z:\Studying\2013-2014\C++\Labs\Labs\Lab9\Lab9PartB\Lab9PartB\Debug\link.35748-cvtres.write.1.tlog
Z:\Studying\2013-2014\C++\Labs\Labs\Lab9\Lab9PartB\Lab9PartB\Debug\link.35748-rc.read.1.tlog
Z:\Studying\2013-2014\C++\Labs\Labs\Lab9\Lab9PartB\Lab9PartB\Debug\link.35748-rc.write.1.tlog
Z:\Studying\2013-2014\C++\Labs\Labs\Lab9\Lab9PartB\Lab9PartB\Debug\link.35748.read.1.tlog
Z:\Studying\2013-2014\C++\Labs\Labs\Lab9\Lab9PartB\Lab9PartB\Debug\link.35748.write.1.tlog
Z:\Studying\2013-2014\C++\Labs\Labs\Lab9\Lab9PartB\Lab9PartB\Debug\link.35776-cvtres.read.1.tlog
Z:\Studying\2013-2014\C++\Labs\Labs\Lab9\Lab9PartB\Lab9PartB\Debug\link.35776-cvtres.write.1.tlog
Z:\Studying\2013-2014\C++\Labs\Labs\Lab9\Lab9PartB\Lab9PartB\Debug\link.35776-rc.read.1.tlog
Z:\Studying\2013-2014\C++\Labs\Labs\Lab9\Lab9PartB\Lab9PartB\Debug\link.35776-rc.write.1.tlog
Z:\Studying\2013-2014\C++\Labs\Labs\Lab9\Lab9PartB\Lab9PartB\Debug\link.35776.read.1.tlog
Z:\Studying\2013-2014\C++\Labs\Labs\Lab9\Lab9PartB\Lab9PartB\Debug\link.35776.write.1.tlog
Z:\Studying\2013-2014\C++\Labs\Labs\Lab9\Lab9PartB\Lab9PartB\Debug\link.36024-cvtres.read.1.tlog
Z:\Studying\2013-2014\C++\Labs\Labs\Lab9\Lab9PartB\Lab9PartB\Debug\link.36024-cvtres.write.1.tlog
Z:\Studying\2013-2014\C++\Labs\Labs\Lab9\Lab9PartB\Lab9PartB\Debug\link.36024-rc.read.1.tlog
Z:\Studying\2013-2014\C++\Labs\Labs\Lab9\Lab9PartB\Lab9PartB\Debug\link.36024-rc.write.1.tlog
Z:\Studying\2013-2014\C++\Labs\Labs\Lab9\Lab9PartB\Lab9PartB\Debug\link.36024.read.1.tlog
Z:\Studying\2013-2014\C++\Labs\Labs\Lab9\Lab9PartB\Lab9PartB\Debug\link.36024.write.1.tlog
Z:\Studying\2013-2014\C++\Labs\Labs\Lab9\Lab9PartB\Lab9PartB\Debug\link.36988-cvtres.read.1.tlog
Z:\Studying\2013-2014\C++\Labs\Labs\Lab9\Lab9PartB\Lab9PartB\Debug\link.36988-cvtres.write.1.tlog
Z:\Studying\2013-2014\C++\Labs\Labs\Lab9\Lab9PartB\Lab9PartB\Debug\link.36988-rc.read.1.tlog
Z:\Studying\2013-2014\C++\Labs\Labs\Lab9\Lab9PartB\Lab9PartB\Debug\link.36988-rc.write.1.tlog
Z:\Studying\2013-2014\C++\Labs\Labs\Lab9\Lab9PartB\Lab9PartB\Debug\link.36988.read.1.tlog
Z:\Studying\2013-2014\C++\Labs\Labs\Lab9\Lab9PartB\Lab9PartB\Debug\link.36988.write.1.tlog
Z:\Studying\2013-2014\C++\Labs\Labs\Lab9\Lab9PartB\Lab9PartB\Debug\link.49528-cvtres.read.1.tlog
Z:\Studying\2013-2014\C++\Labs\Labs\Lab9\Lab9PartB\Lab9PartB\Debug\link.49528-cvtres.write.1.tlog
Z:\Studying\2013-2014\C++\Labs\Labs\Lab9\Lab9PartB\Lab9PartB\Debug\link.49528-rc.read.1.tlog
Z:\Studying\2013-2014\C++\Labs\Labs\Lab9\Lab9PartB\Lab9PartB\Debug\link.49528-rc.write.1.tlog
Z:\Studying\2013-2014\C++\Labs\Labs\Lab9\Lab9PartB\Lab9PartB\Debug\link.49528.read.1.tlog
Z:\Studying\2013-2014\C++\Labs\Labs\Lab9\Lab9PartB\Lab9PartB\Debug\link.49528.write.1.tlog
Z:\Studying\2013-2014\C++\Labs\Labs\Lab9\Lab9PartB\Lab9PartB\Debug\link.51100-cvtres.read.1.tlog
Z:\Studying\2013-2014\C++\Labs\Labs\Lab9\Lab9PartB\Lab9PartB\Debug\link.51100-cvtres.write.1.tlog
Z:\Studying\2013-2014\C++\Labs\Labs\Lab9\Lab9PartB\Lab9PartB\Debug\link.51100-rc.read.1.tlog
Z:\Studying\2013-2014\C++\Labs\Labs\Lab9\Lab9PartB\Lab9PartB\Debug\link.51100-rc.write.1.tlog
Z:\Studying\2013-2014\C++\Labs\Labs\Lab9\Lab9PartB\Lab9PartB\Debug\link.51100.read.1.tlog
Z:\Studying\2013-2014\C++\Labs\Labs\Lab9\Lab9PartB\Lab9PartB\Debug\link.51100.write.1.tlog
Z:\Studying\2013-2014\C++\Labs\Labs\Lab9\Lab9PartB\Lab9PartB\Debug\link.5256-cvtres.read.1.tlog
Z:\Studying\2013-2014\C++\Labs\Labs\Lab9\Lab9PartB\Lab9PartB\Debug\link.5256-cvtres.write.1.tlog
Z:\Studying\2013-2014\C++\Labs\Labs\Lab9\Lab9PartB\Lab9PartB\Debug\link.5256-rc.read.1.tlog
Z:\Studying\2013-2014\C++\Labs\Labs\Lab9\Lab9PartB\Lab9PartB\Debug\link.5256-rc.write.1.tlog
Z:\Studying\2013-2014\C++\Labs\Labs\Lab9\Lab9PartB\Lab9PartB\Debug\link.5256.read.1.tlog
Z:\Studying\2013-2014\C++\Labs\Labs\Lab9\Lab9PartB\Lab9PartB\Debug\link.5256.write.1.tlog
Z:\Studying\2013-2014\C++\Labs\Labs\Lab9\Lab9PartB\Lab9PartB\Debug\link.99404-cvtres.read.1.tlog
Z:\Studying\2013-2014\C++\Labs\Labs\Lab9\Lab9PartB\Lab9PartB\Debug\link.99404-cvtres.write.1.tlog
Z:\Studying\2013-2014\C++\Labs\Labs\Lab9\Lab9PartB\Lab9PartB\Debug\link.99404-rc.read.1.tlog
Z:\Studying\2013-2014\C++\Labs\Labs\Lab9\Lab9PartB\Lab9PartB\Debug\link.99404-rc.write.1.tlog
Z:\Studying\2013-2014\C++\Labs\Labs\Lab9\Lab9PartB\Lab9PartB\Debug\link.99404.read.1.tlog
Z:\Studying\2013-2014\C++\Labs\Labs\Lab9\Lab9PartB\Lab9PartB\Debug\link.99404.write.1.tlog
Z:\Studying\2013-2014\C++\Labs\Labs\Lab9\Lab9PartB\Lab9PartB\Debug\link.99408-cvtres.read.1.tlog
Z:\Studying\2013-2014\C++\Labs\Labs\Lab9\Lab9PartB\Lab9PartB\Debug\link.99408-cvtres.write.1.tlog
Z:\Studying\2013-2014\C++\Labs\Labs\Lab9\Lab9PartB\Lab9PartB\Debug\link.99408-rc.read.1.tlog
Z:\Studying\2013-2014\C++\Labs\Labs\Lab9\Lab9PartB\Lab9PartB\Debug\link.99408-rc.write.1.tlog
Z:\Studying\2013-2014\C++\Labs\Labs\Lab9\Lab9PartB\Lab9PartB\Debug\link.99408.read.1.tlog
Z:\Studying\2013-2014\C++\Labs\Labs\Lab9\Lab9PartB\Lab9PartB\Debug\link.99408.write.1.tlog
Z:\Studying\2013-2014\C++\Labs\Labs\Lab9\Lab9PartB\Lab9PartB\Debug\link.command.1.tlog
Z:\Studying\2013-2014\C++\Labs\Labs\Lab9\Lab9PartB\Lab9PartB\Debug\link.read.1.tlog
Z:\Studying\2013-2014\C++\Labs\Labs\Lab9\Lab9PartB\Lab9PartB\Debug\link.write.1.tlog
Z:\Studying\2013-2014\C++\Labs\Labs\Lab9\Lab9PartB\Lab9PartB\Debug\vc110.idb
Z:\Studying\2013-2014\C++\Labs\Labs\Lab9\Lab9PartB\Lab9PartB\Debug\vc110.pdb
Z:\Studying\2013-2014\C++\Labs\Labs\Lab9\Lab9PartB\Debug\Lab9PartB.pdb
Z:\Studying\2013-2014\C++\Labs\Labs\Lab9\Lab9PartB\Debug\Lab9PartB.exe
Z:\Studying\2013-2014\C++\Labs\Labs\Lab9\Lab9PartB\Debug\Lab9PartB.ilk
