Z:\STUDYING\2013-2014\C++\LAB5EX1B\B\B\DEBUG\XMLTEMPERATURE_PHOJA.OBJ
Z:\STUDYING\2013-2014\C++\LAB5EX1B\B\B\DEBUG\VC110.PDB
Z:\STUDYING\2013-2014\C++\LAB5EX1B\B\DEBUG\B.ILK
Z:\STUDYING\2013-2014\C++\LAB5EX1B\B\DEBUG\B.EXE
Z:\STUDYING\2013-2014\C++\LAB5EX1B\B\DEBUG\B.PDB
Z:\Studying\2013-2014\C++\Lab5Ex1B\B\B\Debug\xmltemperature_phoja.obj
Z:\Studying\2013-2014\C++\Lab5Ex1B\B\B\Debug\CL.read.1.tlog
Z:\Studying\2013-2014\C++\Lab5Ex1B\B\B\Debug\CL.write.1.tlog
Z:\Studying\2013-2014\C++\Lab5Ex1B\B\B\Debug\cl.command.1.tlog
Z:\Studying\2013-2014\C++\Lab5Ex1B\B\B\Debug\link-rc.read.1.tlog
Z:\Studying\2013-2014\C++\Lab5Ex1B\B\B\Debug\link-rc.write.1.tlog
Z:\Studying\2013-2014\C++\Lab5Ex1B\B\B\Debug\link-cvtres.read.1.tlog
Z:\Studying\2013-2014\C++\Lab5Ex1B\B\B\Debug\link-cvtres.write.1.tlog
Z:\Studying\2013-2014\C++\Lab5Ex1B\B\B\Debug\link.read.1.tlog
Z:\Studying\2013-2014\C++\Lab5Ex1B\B\B\Debug\link.write.1.tlog
Z:\Studying\2013-2014\C++\Lab5Ex1B\B\B\Debug\link.command.1.tlog
Z:\Studying\2013-2014\C++\Lab5Ex1B\B\B\Debug\link.3976-rc.read.1.tlog
Z:\Studying\2013-2014\C++\Lab5Ex1B\B\B\Debug\link.3976-rc.write.1.tlog
Z:\Studying\2013-2014\C++\Lab5Ex1B\B\B\Debug\link.3976-cvtres.read.1.tlog
Z:\Studying\2013-2014\C++\Lab5Ex1B\B\B\Debug\link.3976-cvtres.write.1.tlog
Z:\Studying\2013-2014\C++\Lab5Ex1B\B\B\Debug\link.3976.read.1.tlog
Z:\Studying\2013-2014\C++\Lab5Ex1B\B\B\Debug\link.3976.write.1.tlog
Z:\Studying\2013-2014\C++\Lab5Ex1B\B\B\Debug\link.4768-rc.read.1.tlog
Z:\Studying\2013-2014\C++\Lab5Ex1B\B\B\Debug\link.4768-rc.write.1.tlog
Z:\Studying\2013-2014\C++\Lab5Ex1B\B\B\Debug\link.4768-cvtres.read.1.tlog
Z:\Studying\2013-2014\C++\Lab5Ex1B\B\B\Debug\link.4768-cvtres.write.1.tlog
Z:\Studying\2013-2014\C++\Lab5Ex1B\B\B\Debug\link.4768.read.1.tlog
Z:\Studying\2013-2014\C++\Lab5Ex1B\B\B\Debug\link.4768.write.1.tlog
Z:\Studying\2013-2014\C++\Lab5Ex1B\B\B\Debug\link.3956-rc.read.1.tlog
Z:\Studying\2013-2014\C++\Lab5Ex1B\B\B\Debug\link.3956-rc.write.1.tlog
Z:\Studying\2013-2014\C++\Lab5Ex1B\B\B\Debug\link.3956-cvtres.read.1.tlog
Z:\Studying\2013-2014\C++\Lab5Ex1B\B\B\Debug\link.3956-cvtres.write.1.tlog
Z:\Studying\2013-2014\C++\Lab5Ex1B\B\B\Debug\link.3956.read.1.tlog
Z:\Studying\2013-2014\C++\Lab5Ex1B\B\B\Debug\link.3956.write.1.tlog
Z:\Studying\2013-2014\C++\Lab5Ex1B\B\B\Debug\link.5476-rc.read.1.tlog
Z:\Studying\2013-2014\C++\Lab5Ex1B\B\B\Debug\link.5476-rc.write.1.tlog
Z:\Studying\2013-2014\C++\Lab5Ex1B\B\B\Debug\link.5476-cvtres.read.1.tlog
Z:\Studying\2013-2014\C++\Lab5Ex1B\B\B\Debug\link.5476-cvtres.write.1.tlog
Z:\Studying\2013-2014\C++\Lab5Ex1B\B\B\Debug\link.5476.read.1.tlog
Z:\Studying\2013-2014\C++\Lab5Ex1B\B\B\Debug\link.5476.write.1.tlog
Z:\Studying\2013-2014\C++\Lab5Ex1B\B\B\Debug\link.5424-rc.read.1.tlog
Z:\Studying\2013-2014\C++\Lab5Ex1B\B\B\Debug\link.5424-rc.write.1.tlog
Z:\Studying\2013-2014\C++\Lab5Ex1B\B\B\Debug\link.5424-cvtres.read.1.tlog
Z:\Studying\2013-2014\C++\Lab5Ex1B\B\B\Debug\link.5424-cvtres.write.1.tlog
Z:\Studying\2013-2014\C++\Lab5Ex1B\B\B\Debug\link.5424.read.1.tlog
Z:\Studying\2013-2014\C++\Lab5Ex1B\B\B\Debug\link.5424.write.1.tlog
Z:\Studying\2013-2014\C++\Lab5Ex1B\B\B\Debug\link.5448-rc.read.1.tlog
Z:\Studying\2013-2014\C++\Lab5Ex1B\B\B\Debug\link.5448-rc.write.1.tlog
Z:\Studying\2013-2014\C++\Lab5Ex1B\B\B\Debug\link.5448-cvtres.read.1.tlog
Z:\Studying\2013-2014\C++\Lab5Ex1B\B\B\Debug\link.5448-cvtres.write.1.tlog
Z:\Studying\2013-2014\C++\Lab5Ex1B\B\B\Debug\link.5448.read.1.tlog
Z:\Studying\2013-2014\C++\Lab5Ex1B\B\B\Debug\link.5448.write.1.tlog
Z:\Studying\2013-2014\C++\Lab5Ex1B\B\B\Debug\link.4580-rc.read.1.tlog
Z:\Studying\2013-2014\C++\Lab5Ex1B\B\B\Debug\link.4580-rc.write.1.tlog
Z:\Studying\2013-2014\C++\Lab5Ex1B\B\B\Debug\link.4580-cvtres.read.1.tlog
Z:\Studying\2013-2014\C++\Lab5Ex1B\B\B\Debug\link.4580-cvtres.write.1.tlog
Z:\Studying\2013-2014\C++\Lab5Ex1B\B\B\Debug\link.4580.read.1.tlog
Z:\Studying\2013-2014\C++\Lab5Ex1B\B\B\Debug\link.4580.write.1.tlog
Z:\Studying\2013-2014\C++\Lab5Ex1B\B\B\Debug\link.4668-rc.read.1.tlog
Z:\Studying\2013-2014\C++\Lab5Ex1B\B\B\Debug\link.4668-rc.write.1.tlog
Z:\Studying\2013-2014\C++\Lab5Ex1B\B\B\Debug\link.4668-cvtres.read.1.tlog
Z:\Studying\2013-2014\C++\Lab5Ex1B\B\B\Debug\link.4668-cvtres.write.1.tlog
Z:\Studying\2013-2014\C++\Lab5Ex1B\B\B\Debug\link.4668.read.1.tlog
Z:\Studying\2013-2014\C++\Lab5Ex1B\B\B\Debug\link.4668.write.1.tlog
Z:\Studying\2013-2014\C++\Lab5Ex1B\B\B\Debug\link.1472-rc.read.1.tlog
Z:\Studying\2013-2014\C++\Lab5Ex1B\B\B\Debug\link.1472-rc.write.1.tlog
Z:\Studying\2013-2014\C++\Lab5Ex1B\B\B\Debug\link.1472-cvtres.read.1.tlog
Z:\Studying\2013-2014\C++\Lab5Ex1B\B\B\Debug\link.1472-cvtres.write.1.tlog
Z:\Studying\2013-2014\C++\Lab5Ex1B\B\B\Debug\link.1472.read.1.tlog
Z:\Studying\2013-2014\C++\Lab5Ex1B\B\B\Debug\link.1472.write.1.tlog
Z:\Studying\2013-2014\C++\Lab5Ex1B\B\B\Debug\vc110.idb
Z:\Studying\2013-2014\C++\Lab5Ex1B\B\B\Debug\vc110.pdb
Z:\Studying\2013-2014\C++\Lab5Ex1B\B\Debug\B.pdb
Z:\Studying\2013-2014\C++\Lab5Ex1B\B\Debug\B.exe
Z:\Studying\2013-2014\C++\Lab5Ex1B\B\Debug\B.ilk
