D:\MAX\STUDYING\STUDYING\2013-2014\C++\LABS\LAB10\EXTRAEXERCISE10A\EXTRAEXERCISE10A\DEBUG\SOURCE.OBJ
D:\MAX\STUDYING\STUDYING\2013-2014\C++\LABS\LAB10\EXTRAEXERCISE10A\EXTRAEXERCISE10A\DEBUG\VC110.PDB
Z:\STUDYING\2013-2014\C++\LABS\LABS\LAB10\EXTRAEXERCISE10A\EXTRAEXERCISE10A\DEBUG\SOURCE.OBJ
Z:\STUDYING\2013-2014\C++\LABS\LABS\LAB10\EXTRAEXERCISE10A\EXTRAEXERCISE10A\DEBUG\VC110.PDB
D:\MAX\STUDYING\STUDYING\2013-2014\C++\LABS\LAB10\EXTRAEXERCISE10A\DEBUG\EXTRAEXERCISE10A.ILK
D:\MAX\STUDYING\STUDYING\2013-2014\C++\LABS\LAB10\EXTRAEXERCISE10A\DEBUG\EXTRAEXERCISE10A.EXE
D:\MAX\STUDYING\STUDYING\2013-2014\C++\LABS\LAB10\EXTRAEXERCISE10A\DEBUG\EXTRAEXERCISE10A.PDB
Z:\STUDYING\2013-2014\C++\LABS\LABS\LAB10\EXTRAEXERCISE10A\DEBUG\EXTRAEXERCISE10A.ILK
Z:\STUDYING\2013-2014\C++\LABS\LABS\LAB10\EXTRAEXERCISE10A\DEBUG\EXTRAEXERCISE10A.PDB
Z:\Studying\2013-2014\C++\Labs\Labs\Lab10\ExtraExercise10A\ExtraExercise10A\Debug\Source.obj
Z:\Studying\2013-2014\C++\Labs\Labs\Lab10\ExtraExercise10A\ExtraExercise10A\Debug\cl.command.1.tlog
Z:\Studying\2013-2014\C++\Labs\Labs\Lab10\ExtraExercise10A\ExtraExercise10A\Debug\CL.read.1.tlog
Z:\Studying\2013-2014\C++\Labs\Labs\Lab10\ExtraExercise10A\ExtraExercise10A\Debug\CL.write.1.tlog
Z:\Studying\2013-2014\C++\Labs\Labs\Lab10\ExtraExercise10A\ExtraExercise10A\Debug\link-cvtres.read.1.tlog
Z:\Studying\2013-2014\C++\Labs\Labs\Lab10\ExtraExercise10A\ExtraExercise10A\Debug\link-cvtres.write.1.tlog
Z:\Studying\2013-2014\C++\Labs\Labs\Lab10\ExtraExercise10A\ExtraExercise10A\Debug\link-rc.read.1.tlog
Z:\Studying\2013-2014\C++\Labs\Labs\Lab10\ExtraExercise10A\ExtraExercise10A\Debug\link-rc.write.1.tlog
Z:\Studying\2013-2014\C++\Labs\Labs\Lab10\ExtraExercise10A\ExtraExercise10A\Debug\link.30252-cvtres.read.1.tlog
Z:\Studying\2013-2014\C++\Labs\Labs\Lab10\ExtraExercise10A\ExtraExercise10A\Debug\link.30252-cvtres.write.1.tlog
Z:\Studying\2013-2014\C++\Labs\Labs\Lab10\ExtraExercise10A\ExtraExercise10A\Debug\link.30252-rc.read.1.tlog
Z:\Studying\2013-2014\C++\Labs\Labs\Lab10\ExtraExercise10A\ExtraExercise10A\Debug\link.30252-rc.write.1.tlog
Z:\Studying\2013-2014\C++\Labs\Labs\Lab10\ExtraExercise10A\ExtraExercise10A\Debug\link.30252.read.1.tlog
Z:\Studying\2013-2014\C++\Labs\Labs\Lab10\ExtraExercise10A\ExtraExercise10A\Debug\link.30252.write.1.tlog
Z:\Studying\2013-2014\C++\Labs\Labs\Lab10\ExtraExercise10A\ExtraExercise10A\Debug\link.33820-cvtres.read.1.tlog
Z:\Studying\2013-2014\C++\Labs\Labs\Lab10\ExtraExercise10A\ExtraExercise10A\Debug\link.33820-cvtres.write.1.tlog
Z:\Studying\2013-2014\C++\Labs\Labs\Lab10\ExtraExercise10A\ExtraExercise10A\Debug\link.33820-rc.read.1.tlog
Z:\Studying\2013-2014\C++\Labs\Labs\Lab10\ExtraExercise10A\ExtraExercise10A\Debug\link.33820-rc.write.1.tlog
Z:\Studying\2013-2014\C++\Labs\Labs\Lab10\ExtraExercise10A\ExtraExercise10A\Debug\link.33820.read.1.tlog
Z:\Studying\2013-2014\C++\Labs\Labs\Lab10\ExtraExercise10A\ExtraExercise10A\Debug\link.33820.write.1.tlog
Z:\Studying\2013-2014\C++\Labs\Labs\Lab10\ExtraExercise10A\ExtraExercise10A\Debug\link.37284-cvtres.read.1.tlog
Z:\Studying\2013-2014\C++\Labs\Labs\Lab10\ExtraExercise10A\ExtraExercise10A\Debug\link.37284-cvtres.write.1.tlog
Z:\Studying\2013-2014\C++\Labs\Labs\Lab10\ExtraExercise10A\ExtraExercise10A\Debug\link.37284-rc.read.1.tlog
Z:\Studying\2013-2014\C++\Labs\Labs\Lab10\ExtraExercise10A\ExtraExercise10A\Debug\link.37284-rc.write.1.tlog
Z:\Studying\2013-2014\C++\Labs\Labs\Lab10\ExtraExercise10A\ExtraExercise10A\Debug\link.37284.read.1.tlog
Z:\Studying\2013-2014\C++\Labs\Labs\Lab10\ExtraExercise10A\ExtraExercise10A\Debug\link.37284.write.1.tlog
Z:\Studying\2013-2014\C++\Labs\Labs\Lab10\ExtraExercise10A\ExtraExercise10A\Debug\link.46168-cvtres.read.1.tlog
Z:\Studying\2013-2014\C++\Labs\Labs\Lab10\ExtraExercise10A\ExtraExercise10A\Debug\link.46168-cvtres.write.1.tlog
Z:\Studying\2013-2014\C++\Labs\Labs\Lab10\ExtraExercise10A\ExtraExercise10A\Debug\link.command.1.tlog
Z:\Studying\2013-2014\C++\Labs\Labs\Lab10\ExtraExercise10A\ExtraExercise10A\Debug\link.46168-rc.read.1.tlog
Z:\Studying\2013-2014\C++\Labs\Labs\Lab10\ExtraExercise10A\ExtraExercise10A\Debug\link.46168-rc.write.1.tlog
Z:\Studying\2013-2014\C++\Labs\Labs\Lab10\ExtraExercise10A\ExtraExercise10A\Debug\link.46168.read.1.tlog
Z:\Studying\2013-2014\C++\Labs\Labs\Lab10\ExtraExercise10A\ExtraExercise10A\Debug\link.46168.write.1.tlog
Z:\Studying\2013-2014\C++\Labs\Labs\Lab10\ExtraExercise10A\ExtraExercise10A\Debug\link.read.1.tlog
Z:\Studying\2013-2014\C++\Labs\Labs\Lab10\ExtraExercise10A\ExtraExercise10A\Debug\link.write.1.tlog
Z:\Studying\2013-2014\C++\Labs\Labs\Lab10\ExtraExercise10A\ExtraExercise10A\Debug\vc110.idb
Z:\Studying\2013-2014\C++\Labs\Labs\Lab10\ExtraExercise10A\ExtraExercise10A\Debug\vc110.pdb
Z:\Studying\2013-2014\C++\Labs\Labs\Lab10\ExtraExercise10A\Debug\ExtraExercise10A.pdb
Z:\Studying\2013-2014\C++\Labs\Labs\Lab10\ExtraExercise10A\Debug\ExtraExercise10A.exe
Z:\Studying\2013-2014\C++\Labs\Labs\Lab10\ExtraExercise10A\Debug\ExtraExercise10A.ilk
