Z:\STUDYING\2013-2014\C++\LAB7PARTBBACTUAL\LAB7PARTBBACTUAL\DEBUG\SOURCE.OBJ
Z:\STUDYING\2013-2014\C++\LAB7PARTBBACTUAL\LAB7PARTBBACTUAL\DEBUG\VC110.PDB
Z:\STUDYING\2013-2014\C++\LAB7PARTBBACTUAL\DEBUG\LAB7PARTBBACTUAL.ILK
Z:\STUDYING\2013-2014\C++\LAB7PARTBBACTUAL\DEBUG\LAB7PARTBBACTUAL.EXE
Z:\STUDYING\2013-2014\C++\LAB7PARTBBACTUAL\DEBUG\LAB7PARTBBACTUAL.PDB
Z:\Studying\2013-2014\C++\Lab7PartBBactual\Lab7PartBBactual\Debug\Source.obj
Z:\Studying\2013-2014\C++\Lab7PartBBactual\Lab7PartBBactual\Debug\link.command.1.tlog
Z:\Studying\2013-2014\C++\Lab7PartBBactual\Lab7PartBBactual\Debug\CL.read.1.tlog
Z:\Studying\2013-2014\C++\Lab7PartBBactual\Lab7PartBBactual\Debug\CL.write.1.tlog
Z:\Studying\2013-2014\C++\Lab7PartBBactual\Lab7PartBBactual\Debug\cl.command.1.tlog
Z:\Studying\2013-2014\C++\Lab7PartBBactual\Lab7PartBBactual\Debug\link-rc.read.1.tlog
Z:\Studying\2013-2014\C++\Lab7PartBBactual\Lab7PartBBactual\Debug\link-rc.write.1.tlog
Z:\Studying\2013-2014\C++\Lab7PartBBactual\Lab7PartBBactual\Debug\link-cvtres.read.1.tlog
Z:\Studying\2013-2014\C++\Lab7PartBBactual\Lab7PartBBactual\Debug\link-cvtres.write.1.tlog
Z:\Studying\2013-2014\C++\Lab7PartBBactual\Lab7PartBBactual\Debug\link.read.2.tlog
Z:\Studying\2013-2014\C++\Lab7PartBBactual\Lab7PartBBactual\Debug\link.read.1.tlog
Z:\Studying\2013-2014\C++\Lab7PartBBactual\Lab7PartBBactual\Debug\link.write.1.tlog
Z:\Studying\2013-2014\C++\Lab7PartBBactual\Lab7PartBBactual\Debug\vc110.idb
Z:\Studying\2013-2014\C++\Lab7PartBBactual\Lab7PartBBactual\Debug\vc110.pdb
Z:\Studying\2013-2014\C++\Lab7PartBBactual\Debug\Lab7PartBBactual.pdb
Z:\Studying\2013-2014\C++\Lab7PartBBactual\Debug\Lab7PartBBactual.exe
Z:\Studying\2013-2014\C++\Lab7PartBBactual\Debug\Lab7PartBBactual.ilk
