Z:\STUDYING\2013-2014\C++\LAB8\LAB8\DEBUG\SOURCE.OBJ
Z:\STUDYING\2013-2014\C++\LAB8\LAB8\DEBUG\VC110.PDB
Z:\STUDYING\2013-2014\C++\LAB8\DEBUG\LAB8.PDB
Z:\Studying\2013-2014\C++\Labs\Lab8\Lab8\Debug\Source.obj
Z:\Studying\2013-2014\C++\Labs\Lab8\Lab8\Debug\CL.write.1.tlog
Z:\Studying\2013-2014\C++\Labs\Lab8\Lab8\Debug\cl.write.1.tlog
Z:\Studying\2013-2014\C++\Labs\Lab8\Lab8\Debug\link-cvtres.write.1.tlog
Z:\Studying\2013-2014\C++\Labs\Lab8\Lab8\Debug\cl.command.1.tlog
Z:\Studying\2013-2014\C++\Labs\Lab8\Lab8\Debug\link-cvtres.read.1.tlog
Z:\Studying\2013-2014\C++\Labs\Lab8\Lab8\Debug\link.read.1.tlog
Z:\Studying\2013-2014\C++\Labs\Lab8\Lab8\Debug\link-rc.read.1.tlog
Z:\Studying\2013-2014\C++\Labs\Lab8\Lab8\Debug\cl.read.1.tlog
Z:\Studying\2013-2014\C++\Labs\Lab8\Lab8\Debug\link-rc.write.1.tlog
Z:\Studying\2013-2014\C++\Labs\Lab8\Lab8\Debug\link.write.1.tlog
Z:\Studying\2013-2014\C++\Labs\Lab8\Lab8\Debug\link.read.2.tlog
Z:\Studying\2013-2014\C++\Labs\Lab8\Lab8\Debug\CL.read.1.tlog
Z:\Studying\2013-2014\C++\Labs\Lab8\Lab8\Debug\link.command.1.tlog
Z:\Studying\2013-2014\C++\Labs\Lab8\Lab8\Debug\vc110.idb
Z:\Studying\2013-2014\C++\Labs\Lab8\Lab8\Debug\vc110.pdb
Z:\Studying\2013-2014\C++\Labs\Lab8\Debug\Lab8.pdb
Z:\Studying\2013-2014\C++\Labs\Lab8\Debug\Lab8.exe
Z:\Studying\2013-2014\C++\Labs\Lab8\Debug\Lab8.ilk
