D:\MAX\STUDYING\STUDYING\2013-2014\C++\LABS\LAB10\EXERCISE10B\EXERCISE10B\DEBUG\SOURCE.OBJ
D:\MAX\STUDYING\STUDYING\2013-2014\C++\LABS\LAB10\EXERCISE10B\EXERCISE10B\DEBUG\VC110.PDB
Z:\STUDYING\2013-2014\C++\LABS\LABS\LAB10\EXERCISE10B\EXERCISE10B\DEBUG\SOURCE.OBJ
Z:\STUDYING\2013-2014\C++\LABS\LABS\LAB10\EXERCISE10B\EXERCISE10B\DEBUG\VC110.PDB
D:\MAX\STUDYING\STUDYING\2013-2014\C++\LABS\LAB10\EXERCISE10B\DEBUG\EXERCISE10B.ILK
D:\MAX\STUDYING\STUDYING\2013-2014\C++\LABS\LAB10\EXERCISE10B\DEBUG\EXERCISE10B.EXE
D:\MAX\STUDYING\STUDYING\2013-2014\C++\LABS\LAB10\EXERCISE10B\DEBUG\EXERCISE10B.PDB
Z:\STUDYING\2013-2014\C++\LABS\LABS\LAB10\EXERCISE10B\DEBUG\EXERCISE10B.ILK
Z:\STUDYING\2013-2014\C++\LABS\LABS\LAB10\EXERCISE10B\DEBUG\EXERCISE10B.EXE
Z:\STUDYING\2013-2014\C++\LABS\LABS\LAB10\EXERCISE10B\DEBUG\EXERCISE10B.PDB
Z:\Studying\2013-2014\C++\Labs\Labs\Lab10\Exercise10B\Exercise10B\Debug\Source.obj
Z:\Studying\2013-2014\C++\Labs\Labs\Lab10\Exercise10B\Exercise10B\Debug\cl.command.1.tlog
Z:\Studying\2013-2014\C++\Labs\Labs\Lab10\Exercise10B\Exercise10B\Debug\CL.read.1.tlog
Z:\Studying\2013-2014\C++\Labs\Labs\Lab10\Exercise10B\Exercise10B\Debug\CL.write.1.tlog
Z:\Studying\2013-2014\C++\Labs\Labs\Lab10\Exercise10B\Exercise10B\Debug\link-cvtres.read.1.tlog
Z:\Studying\2013-2014\C++\Labs\Labs\Lab10\Exercise10B\Exercise10B\Debug\link-cvtres.write.1.tlog
Z:\Studying\2013-2014\C++\Labs\Labs\Lab10\Exercise10B\Exercise10B\Debug\link-rc.read.1.tlog
Z:\Studying\2013-2014\C++\Labs\Labs\Lab10\Exercise10B\Exercise10B\Debug\link-rc.write.1.tlog
Z:\Studying\2013-2014\C++\Labs\Labs\Lab10\Exercise10B\Exercise10B\Debug\link.14872-cvtres.read.1.tlog
Z:\Studying\2013-2014\C++\Labs\Labs\Lab10\Exercise10B\Exercise10B\Debug\link.14872-cvtres.write.1.tlog
Z:\Studying\2013-2014\C++\Labs\Labs\Lab10\Exercise10B\Exercise10B\Debug\link.14872-rc.read.1.tlog
Z:\Studying\2013-2014\C++\Labs\Labs\Lab10\Exercise10B\Exercise10B\Debug\link.14872-rc.write.1.tlog
Z:\Studying\2013-2014\C++\Labs\Labs\Lab10\Exercise10B\Exercise10B\Debug\link.14872.read.1.tlog
Z:\Studying\2013-2014\C++\Labs\Labs\Lab10\Exercise10B\Exercise10B\Debug\link.14872.write.1.tlog
Z:\Studying\2013-2014\C++\Labs\Labs\Lab10\Exercise10B\Exercise10B\Debug\link.18120-cvtres.read.1.tlog
Z:\Studying\2013-2014\C++\Labs\Labs\Lab10\Exercise10B\Exercise10B\Debug\link.18120-cvtres.write.1.tlog
Z:\Studying\2013-2014\C++\Labs\Labs\Lab10\Exercise10B\Exercise10B\Debug\link.18120-rc.read.1.tlog
Z:\Studying\2013-2014\C++\Labs\Labs\Lab10\Exercise10B\Exercise10B\Debug\link.18120-rc.write.1.tlog
Z:\Studying\2013-2014\C++\Labs\Labs\Lab10\Exercise10B\Exercise10B\Debug\link.18120.read.1.tlog
Z:\Studying\2013-2014\C++\Labs\Labs\Lab10\Exercise10B\Exercise10B\Debug\link.18120.write.1.tlog
Z:\Studying\2013-2014\C++\Labs\Labs\Lab10\Exercise10B\Exercise10B\Debug\link.20076-cvtres.read.1.tlog
Z:\Studying\2013-2014\C++\Labs\Labs\Lab10\Exercise10B\Exercise10B\Debug\link.20076-cvtres.write.1.tlog
Z:\Studying\2013-2014\C++\Labs\Labs\Lab10\Exercise10B\Exercise10B\Debug\link.20076-rc.read.1.tlog
Z:\Studying\2013-2014\C++\Labs\Labs\Lab10\Exercise10B\Exercise10B\Debug\link.20076-rc.write.1.tlog
Z:\Studying\2013-2014\C++\Labs\Labs\Lab10\Exercise10B\Exercise10B\Debug\link.20076.read.1.tlog
Z:\Studying\2013-2014\C++\Labs\Labs\Lab10\Exercise10B\Exercise10B\Debug\link.20076.write.1.tlog
Z:\Studying\2013-2014\C++\Labs\Labs\Lab10\Exercise10B\Exercise10B\Debug\link.20972-cvtres.read.1.tlog
Z:\Studying\2013-2014\C++\Labs\Labs\Lab10\Exercise10B\Exercise10B\Debug\link.20972-cvtres.write.1.tlog
Z:\Studying\2013-2014\C++\Labs\Labs\Lab10\Exercise10B\Exercise10B\Debug\link.command.1.tlog
Z:\Studying\2013-2014\C++\Labs\Labs\Lab10\Exercise10B\Exercise10B\Debug\link.20972-rc.read.1.tlog
Z:\Studying\2013-2014\C++\Labs\Labs\Lab10\Exercise10B\Exercise10B\Debug\link.20972-rc.write.1.tlog
Z:\Studying\2013-2014\C++\Labs\Labs\Lab10\Exercise10B\Exercise10B\Debug\link.20972.read.1.tlog
Z:\Studying\2013-2014\C++\Labs\Labs\Lab10\Exercise10B\Exercise10B\Debug\link.20972.write.1.tlog
Z:\Studying\2013-2014\C++\Labs\Labs\Lab10\Exercise10B\Exercise10B\Debug\link.22556-cvtres.read.1.tlog
Z:\Studying\2013-2014\C++\Labs\Labs\Lab10\Exercise10B\Exercise10B\Debug\link.22556-cvtres.write.1.tlog
Z:\Studying\2013-2014\C++\Labs\Labs\Lab10\Exercise10B\Exercise10B\Debug\link.22556-rc.read.1.tlog
Z:\Studying\2013-2014\C++\Labs\Labs\Lab10\Exercise10B\Exercise10B\Debug\link.22556-rc.write.1.tlog
Z:\Studying\2013-2014\C++\Labs\Labs\Lab10\Exercise10B\Exercise10B\Debug\link.22556.read.1.tlog
Z:\Studying\2013-2014\C++\Labs\Labs\Lab10\Exercise10B\Exercise10B\Debug\link.22556.write.1.tlog
Z:\Studying\2013-2014\C++\Labs\Labs\Lab10\Exercise10B\Exercise10B\Debug\link.45660-cvtres.read.1.tlog
Z:\Studying\2013-2014\C++\Labs\Labs\Lab10\Exercise10B\Exercise10B\Debug\link.45660-cvtres.write.1.tlog
Z:\Studying\2013-2014\C++\Labs\Labs\Lab10\Exercise10B\Exercise10B\Debug\link.45660-rc.read.1.tlog
Z:\Studying\2013-2014\C++\Labs\Labs\Lab10\Exercise10B\Exercise10B\Debug\link.45660-rc.write.1.tlog
Z:\Studying\2013-2014\C++\Labs\Labs\Lab10\Exercise10B\Exercise10B\Debug\link.45660.read.1.tlog
Z:\Studying\2013-2014\C++\Labs\Labs\Lab10\Exercise10B\Exercise10B\Debug\link.45660.write.1.tlog
Z:\Studying\2013-2014\C++\Labs\Labs\Lab10\Exercise10B\Exercise10B\Debug\link.46264-cvtres.read.1.tlog
Z:\Studying\2013-2014\C++\Labs\Labs\Lab10\Exercise10B\Exercise10B\Debug\link.46264-cvtres.write.1.tlog
Z:\Studying\2013-2014\C++\Labs\Labs\Lab10\Exercise10B\Exercise10B\Debug\link.46264-rc.read.1.tlog
Z:\Studying\2013-2014\C++\Labs\Labs\Lab10\Exercise10B\Exercise10B\Debug\link.46264-rc.write.1.tlog
Z:\Studying\2013-2014\C++\Labs\Labs\Lab10\Exercise10B\Exercise10B\Debug\link.46264.read.1.tlog
Z:\Studying\2013-2014\C++\Labs\Labs\Lab10\Exercise10B\Exercise10B\Debug\link.46264.write.1.tlog
Z:\Studying\2013-2014\C++\Labs\Labs\Lab10\Exercise10B\Exercise10B\Debug\link.4980-cvtres.read.1.tlog
Z:\Studying\2013-2014\C++\Labs\Labs\Lab10\Exercise10B\Exercise10B\Debug\link.4980-cvtres.write.1.tlog
Z:\Studying\2013-2014\C++\Labs\Labs\Lab10\Exercise10B\Exercise10B\Debug\link.4980-rc.read.1.tlog
Z:\Studying\2013-2014\C++\Labs\Labs\Lab10\Exercise10B\Exercise10B\Debug\link.4980-rc.write.1.tlog
Z:\Studying\2013-2014\C++\Labs\Labs\Lab10\Exercise10B\Exercise10B\Debug\link.4980.read.1.tlog
Z:\Studying\2013-2014\C++\Labs\Labs\Lab10\Exercise10B\Exercise10B\Debug\link.4980.write.1.tlog
Z:\Studying\2013-2014\C++\Labs\Labs\Lab10\Exercise10B\Exercise10B\Debug\link.6956-cvtres.read.1.tlog
Z:\Studying\2013-2014\C++\Labs\Labs\Lab10\Exercise10B\Exercise10B\Debug\link.6956-cvtres.write.1.tlog
Z:\Studying\2013-2014\C++\Labs\Labs\Lab10\Exercise10B\Exercise10B\Debug\link.6956-rc.read.1.tlog
Z:\Studying\2013-2014\C++\Labs\Labs\Lab10\Exercise10B\Exercise10B\Debug\link.6956-rc.write.1.tlog
Z:\Studying\2013-2014\C++\Labs\Labs\Lab10\Exercise10B\Exercise10B\Debug\link.6956.read.1.tlog
Z:\Studying\2013-2014\C++\Labs\Labs\Lab10\Exercise10B\Exercise10B\Debug\link.6956.write.1.tlog
Z:\Studying\2013-2014\C++\Labs\Labs\Lab10\Exercise10B\Exercise10B\Debug\link.read.1.tlog
Z:\Studying\2013-2014\C++\Labs\Labs\Lab10\Exercise10B\Exercise10B\Debug\link.write.1.tlog
Z:\Studying\2013-2014\C++\Labs\Labs\Lab10\Exercise10B\Exercise10B\Debug\vc110.idb
Z:\Studying\2013-2014\C++\Labs\Labs\Lab10\Exercise10B\Exercise10B\Debug\vc110.pdb
Z:\Studying\2013-2014\C++\Labs\Labs\Lab10\Exercise10B\Debug\Exercise10B.pdb
Z:\Studying\2013-2014\C++\Labs\Labs\Lab10\Exercise10B\Debug\Exercise10B.exe
Z:\Studying\2013-2014\C++\Labs\Labs\Lab10\Exercise10B\Debug\Exercise10B.ilk
