Z:\STUDYING\2013-2014\C++\LAB7\LAB7EX1\LAB7EX1\DEBUG\SOURCE.OBJ
Z:\STUDYING\2013-2014\C++\LAB7\LAB7EX1\LAB7EX1\DEBUG\VC110.PDB
Z:\STUDYING\2013-2014\C++\LAB7\LAB7EX1\DEBUG\LAB7EX1.ILK
Z:\STUDYING\2013-2014\C++\LAB7\LAB7EX1\DEBUG\LAB7EX1.PDB
Z:\Studying\2013-2014\C++\Lab7\Lab7Ex1\Lab7Ex1\Debug\Source.obj
Z:\Studying\2013-2014\C++\Lab7\Lab7Ex1\Lab7Ex1\Debug\CL.read.1.tlog
Z:\Studying\2013-2014\C++\Lab7\Lab7Ex1\Lab7Ex1\Debug\CL.write.1.tlog
Z:\Studying\2013-2014\C++\Lab7\Lab7Ex1\Lab7Ex1\Debug\cl.command.1.tlog
Z:\Studying\2013-2014\C++\Lab7\Lab7Ex1\Lab7Ex1\Debug\link-rc.read.1.tlog
Z:\Studying\2013-2014\C++\Lab7\Lab7Ex1\Lab7Ex1\Debug\link-rc.write.1.tlog
Z:\Studying\2013-2014\C++\Lab7\Lab7Ex1\Lab7Ex1\Debug\link-cvtres.read.1.tlog
Z:\Studying\2013-2014\C++\Lab7\Lab7Ex1\Lab7Ex1\Debug\link-cvtres.write.1.tlog
Z:\Studying\2013-2014\C++\Lab7\Lab7Ex1\Lab7Ex1\Debug\link.read.2.tlog
Z:\Studying\2013-2014\C++\Lab7\Lab7Ex1\Lab7Ex1\Debug\link.read.1.tlog
Z:\Studying\2013-2014\C++\Lab7\Lab7Ex1\Lab7Ex1\Debug\link.write.1.tlog
Z:\Studying\2013-2014\C++\Lab7\Lab7Ex1\Lab7Ex1\Debug\link.command.1.tlog
Z:\Studying\2013-2014\C++\Lab7\Lab7Ex1\Lab7Ex1\Debug\vc110.idb
Z:\Studying\2013-2014\C++\Lab7\Lab7Ex1\Lab7Ex1\Debug\vc110.pdb
Z:\Studying\2013-2014\C++\Lab7\Lab7Ex1\Debug\Lab7Ex1.pdb
Z:\Studying\2013-2014\C++\Lab7\Lab7Ex1\Debug\Lab7Ex1.exe
Z:\Studying\2013-2014\C++\Lab7\Lab7Ex1\Debug\Lab7Ex1.ilk
